<?xml version="1.0" encoding="UTF-8"?>
<!-- Generated by org.testng.reporters.JUnitReportReporter -->
<testsuite hostname="Macs-MacBook-Pro.local" failures="0" tests="5" name="com.anhtester.projects.cms.testcases.LoginTest" time="252.034" errors="0" timestamp="2023-11-02T10:47:28 IST" skipped="0">
  <testcase classname="com.anhtester.projects.cms.testcases.LoginTest" name="TC_LoginFailWithEmailNull" time="44.848"/>
  <testcase classname="com.anhtester.projects.cms.testcases.LoginTest" name="TC_LoginFailWithEmailDoesNotExist" time="52.556"/>
  <testcase classname="com.anhtester.projects.cms.testcases.LoginTest" name="TC_LoginFailWithNullPassword" time="51.422"/>
  <testcase classname="com.anhtester.projects.cms.testcases.LoginTest" name="TC_LoginFailWithIncorrectPassword" time="48.469"/>
  <testcase classname="com.anhtester.projects.cms.testcases.LoginTest" name="TC_LoginSuccessWithCustomerAccount" time="54.739"/>
</testsuite> <!-- com.anhtester.projects.cms.testcases.LoginTest -->
