<?xml version="1.0" encoding="UTF-8"?>
<!-- Generated by org.testng.reporters.JUnitReportReporter -->
<testsuite hostname="Macs-MacBook-Pro.local" failures="0" tests="5" name="com.anhtester.projects.crm.testcases.SignInTest" time="220.121" errors="0" timestamp="2023-11-02T10:47:28 IST" skipped="0">
  <testcase classname="com.anhtester.projects.crm.testcases.SignInTest" name="signInWithDataProvider" time="42.295"/>
  <testcase classname="com.anhtester.projects.crm.testcases.SignInTest" name="signInWithDataProvider" time="40.400"/>
  <testcase classname="com.anhtester.projects.crm.testcases.SignInTest" name="signInWithAdminRole" time="44.305"/>
  <testcase classname="com.anhtester.projects.crm.testcases.SignInTest" name="signInWithClientRole" time="40.852"/>
  <testcase classname="com.anhtester.projects.crm.testcases.SignInTest" name="loginPerfexCRM" time="52.269"/>
</testsuite> <!-- com.anhtester.projects.crm.testcases.SignInTest -->
