<?xml version="1.0" encoding="UTF-8"?>
<!-- Generated by org.testng.reporters.JUnitReportReporter -->
<testsuite hostname="Macs-MacBook-Pro.local" failures="0" tests="3" name="com.anhtester.projects.crm.testcases.ClientTest" time="195.341" errors="0" timestamp="2023-11-02T10:47:28 IST" skipped="0">
  <testcase classname="com.anhtester.projects.crm.testcases.ClientTest" name="testAddClient" time="64.954"/>
  <testcase classname="com.anhtester.projects.crm.testcases.ClientTest" name="testAddClient" time="64.291"/>
  <testcase classname="com.anhtester.projects.crm.testcases.ClientTest" name="testSearchClient" time="66.096"/>
</testsuite> <!-- com.anhtester.projects.crm.testcases.ClientTest -->
